{"timestamp": "2025-12-03T14:35:48.734586", "service": "ingestion-engine", "level": "INFO", "message": "MarketDataConnector initialized", "cache_dir": "./data/cache"}
{"timestamp": "2025-12-03T14:50:41.610189", "service": "ingestion-engine", "level": "INFO", "message": "MarketDataConnector initialized", "cache_dir": "./data/cache"}
{"timestamp": "2025-12-03T14:53:34.020454", "service": "ingestion-engine", "level": "INFO", "message": "MarketDataConnector initialized", "cache_dir": "./data/cache"}
{"timestamp": "2025-12-03T14:59:11.345990", "service": "ingestion-engine", "level": "INFO", "message": "MarketDataConnector initialized", "cache_dir": "./data/cache"}
{"timestamp": "2025-12-03T15:01:47.167704", "service": "ingestion-engine", "level": "INFO", "message": "MarketDataConnector initialized", "cache_dir": "./data/cache"}
{"timestamp": "2025-12-03T15:01:47.175239", "service": "risk-tools", "level": "INFO", "message": "Calculating VaR", "portfolio_size": 1, "confidence": 0.95}
{"timestamp": "2025-12-03T15:01:47.177123", "service": "strategy-tools", "level": "ERROR", "message": "Backtest error: No module named 'services.backtest_engine'", "ticker": "AAPL", "error": "No module named 'services.backtest_engine'"}
{"timestamp": "2025-12-03T15:04:15.013971", "service": "ingestion-engine", "level": "INFO", "message": "MarketDataConnector initialized", "cache_dir": "./data/cache"}
{"timestamp": "2025-12-03T15:04:15.017759", "service": "risk-tools", "level": "INFO", "message": "Calculating VaR", "portfolio_size": 1, "confidence": 0.95}
{"timestamp": "2025-12-03T15:04:15.017759", "service": "strategy-tools", "level": "ERROR", "message": "Backtest error: No module named 'services.backtest_engine'", "ticker": "AAPL", "error": "No module named 'services.backtest_engine'"}
{"timestamp": "2025-12-03T15:05:21.672522", "service": "ingestion-engine", "level": "INFO", "message": "MarketDataConnector initialized", "cache_dir": "./data/cache"}
{"timestamp": "2025-12-03T15:05:21.680335", "service": "risk-tools", "level": "INFO", "message": "Calculating VaR", "portfolio_size": 1, "confidence": 0.95}
{"timestamp": "2025-12-03T15:05:21.685415", "service": "strategy-tools", "level": "ERROR", "message": "Backtest error: No module named 'services.backtest_engine'", "ticker": "AAPL", "error": "No module named 'services.backtest_engine'"}
{"timestamp": "2025-12-03T15:06:13.823527", "service": "ingestion-engine", "level": "INFO", "message": "MarketDataConnector initialized", "cache_dir": "./data/cache"}
{"timestamp": "2025-12-03T15:06:13.831990", "service": "risk-tools", "level": "INFO", "message": "Calculating VaR", "portfolio_size": 1, "confidence": 0.95}
{"timestamp": "2025-12-03T15:06:13.834156", "service": "risk-tools", "level": "INFO", "message": "Monitoring volatility for AAPL", "ticker": "AAPL", "period": "30d"}
{"timestamp": "2025-12-03T15:06:13.836903", "service": "strategy-tools", "level": "ERROR", "message": "Backtest error: No module named 'services.backtest_engine'", "ticker": "AAPL", "error": "No module named 'services.backtest_engine'"}
{"timestamp": "2025-12-03T15:07:54.650409", "service": "ingestion-engine", "level": "INFO", "message": "MarketDataConnector initialized", "cache_dir": "./data/cache"}
{"timestamp": "2025-12-03T15:07:54.655704", "service": "risk-tools", "level": "INFO", "message": "Calculating VaR", "portfolio_size": 1, "confidence": 0.95}
{"timestamp": "2025-12-03T15:07:54.657535", "service": "risk-tools", "level": "INFO", "message": "Monitoring volatility for AAPL", "ticker": "AAPL", "period": "30d"}
{"timestamp": "2025-12-03T15:07:54.659676", "service": "strategy-tools", "level": "ERROR", "message": "Backtest error: No module named 'services.backtest_engine'", "ticker": "AAPL", "error": "No module named 'services.backtest_engine'"}
{"timestamp": "2025-12-03T15:08:51.771266", "service": "ingestion-engine", "level": "INFO", "message": "MarketDataConnector initialized", "cache_dir": "./data/cache"}
{"timestamp": "2025-12-03T15:13:04.868385", "service": "ingestion-engine", "level": "INFO", "message": "MarketDataConnector initialized", "cache_dir": "./data/cache"}
{"timestamp": "2025-12-03T15:13:04.877839", "service": "risk-tools", "level": "INFO", "message": "Calculating VaR", "portfolio_size": 1, "confidence": 0.95}
{"timestamp": "2025-12-03T15:13:04.880913", "service": "strategy-tools", "level": "ERROR", "message": "Backtest error: No module named 'services.backtest_engine'", "ticker": "AAPL", "error": "No module named 'services.backtest_engine'"}
{"timestamp": "2025-12-03T15:17:43.183136", "service": "ingestion-engine", "level": "INFO", "message": "MarketDataConnector initialized", "cache_dir": "./data/cache"}
{"timestamp": "2025-12-03T15:17:43.188295", "service": "risk-tools", "level": "INFO", "message": "Calculating VaR", "portfolio_size": 1, "confidence": 0.95}
{"timestamp": "2025-12-03T15:17:43.188295", "service": "risk-tools", "level": "INFO", "message": "Monitoring volatility for AAPL", "ticker": "AAPL", "period": "30d"}
{"timestamp": "2025-12-03T15:17:43.190291", "service": "strategy-tools", "level": "ERROR", "message": "Backtest error: No module named 'services.backtest_engine'", "ticker": "AAPL", "error": "No module named 'services.backtest_engine'"}
{"timestamp": "2025-12-03T16:32:36.003176", "service": "ingestion-engine", "level": "INFO", "message": "MarketDataConnector initialized", "cache_dir": "./data/cache"}
{"timestamp": "2025-12-03T16:32:36.004398", "service": "titan-tools", "level": "ERROR", "message": "Market data error: 'MarketDataConnector' object has no attribute 'get_historical_data'", "ticker": "AAPL"}
{"timestamp": "2025-12-03T16:34:26.900876", "service": "titan-tools", "level": "ERROR", "message": "Market data error: 'MarketDataConnector' object has no attribute 'get_historical_data'", "ticker": "TSLA"}
{"timestamp": "2025-12-03T16:35:42.374920", "service": "titan-tools", "level": "ERROR", "message": "Market data error: 'MarketDataConnector' object has no attribute 'get_historical_data'", "ticker": "NVDA"}
{"timestamp": "2025-12-03T16:53:06.918434", "service": "titan-tools", "level": "ERROR", "message": "Market data error: 'MarketDataConnector' object has no attribute 'get_historical_data'", "ticker": "AAPL"}
